<?xml version="1.0" encoding="UTF-8"?>
<testsuite name="RnaTranscriptionTest" tests="5" skipped="0" failures="0" errors="0" timestamp="2019-09-13T21:51:24" hostname="BER-JMENDOZA05.local" time="0.028">
  <properties/>
  <testcase name="thymineComplementIsAdenine" classname="RnaTranscriptionTest" time="0.026"/>
  <testcase name="adenineComplementIsUracil" classname="RnaTranscriptionTest" time="0.0"/>
  <testcase name="rnaTranscription" classname="RnaTranscriptionTest" time="0.0"/>
  <testcase name="guanineComplementIsCytosine" classname="RnaTranscriptionTest" time="0.0"/>
  <testcase name="cytosineComplementIsGuanine" classname="RnaTranscriptionTest" time="0.001"/>
  <system-out><![CDATA[]]></system-out>
  <system-err><![CDATA[]]></system-err>
</testsuite>
